# JRE version: OpenJDK Runtime Environment 18.9 (11.0.10+9) (build 11.0.10+9)
# Java VM: OpenJDK 64-Bit Server VM 18.9 (11.0.10+9, mixed mode, tiered, compressed oops, parallel gc, linux-amd64)
Heap:
 PSYoungGen      total 35840K, used 33721K [0x00000000eab00000, 0x00000000ed680000, 0x0000000100000000)
  eden space 31744K, 93% used [0x00000000eab00000,0x00000000ec80a918,0x00000000eca00000)
  from space 4096K, 97% used [0x00000000ed280000,0x00000000ed663c88,0x00000000ed680000)
  to   space 6144K, 0% used [0x00000000eca80000,0x00000000eca80000,0x00000000ed080000)
 ParOldGen       total 313856K, used 270493K [0x00000000c0000000, 0x00000000d3280000, 0x00000000eab00000)
  object space 313856K, 86% used [0x00000000c0000000,0x00000000d08275a0,0x00000000d3280000)
 Metaspace       used 79749K, capacity 83524K, committed 83840K, reserved 1124352K
  class space    used 7857K, capacity 9230K, committed 9344K, reserved 1048576K
GC Heap History (20 events):
Event: 108.103 GC heap before
{Heap before GC invocations=120 (full 10):
 PSYoungGen      total 37376K, used 36042K [0x00000000eab00000, 0x00000000ed880000, 0x0000000100000000)
  eden space 35328K, 97% used [0x00000000eab00000,0x00000000ecc770b0,0x00000000ecd80000)
  from space 2048K, 86% used [0x00000000ed680000,0x00000000ed83b7e8,0x00000000ed880000)
  to   space 4096K, 0% used [0x00000000ed080000,0x00000000ed080000,0x00000000ed480000)
 ParOldGen       total 313856K, used 259895K [0x00000000c0000000, 0x00000000d3280000, 0x00000000eab00000)
  object space 313856K, 82% used [0x00000000c0000000,0x00000000cfdcdeb0,0x00000000d3280000)
 Metaspace       used 73875K, capacity 77352K, committed 77568K, reserved 1118208K
  class space    used 7315K, capacity 8582K, committed 8704K, reserved 1048576K
}
Event: 108.112 GC heap after
{Heap after GC invocations=120 (full 10):
 PSYoungGen      total 38912K, used 1783K [0x00000000eab00000, 0x00000000ed700000, 0x0000000100000000)
  eden space 34816K, 0% used [0x00000000eab00000,0x00000000eab00000,0x00000000ecd00000)
  from space 4096K, 43% used [0x00000000ed080000,0x00000000ed23dcc8,0x00000000ed480000)
  to   space 2560K, 0% used [0x00000000ed480000,0x00000000ed480000,0x00000000ed700000)
 ParOldGen       total 313856K, used 259895K [0x00000000c0000000, 0x00000000d3280000, 0x00000000eab00000)
  object space 313856K, 82% used [0x00000000c0000000,0x00000000cfdcdeb0,0x00000000d3280000)
 Metaspace       used 73875K, capacity 77352K, committed 77568K, reserved 1118208K
  class space    used 7315K, capacity 8582K, committed 8704K, reserved 1048576K
}
Event: 108.355 GC heap before
{Heap before GC invocations=121 (full 10):
 PSYoungGen      total 38912K, used 36517K [0x00000000eab00000, 0x00000000ed700000, 0x0000000100000000)
  eden space 34816K, 99% used [0x00000000eab00000,0x00000000ecceba08,0x00000000ecd00000)
  from space 4096K, 43% used [0x00000000ed080000,0x00000000ed23dcc8,0x00000000ed480000)
  to   space 2560K, 0% used [0x00000000ed480000,0x00000000ed480000,0x00000000ed700000)
 ParOldGen       total 313856K, used 259895K [0x00000000c0000000, 0x00000000d3280000, 0x00000000eab00000)
  object space 313856K, 82% used [0x00000000c0000000,0x00000000cfdcdeb0,0x00000000d3280000)
 Metaspace       used 74024K, capacity 77550K, committed 77824K, reserved 1118208K
  class space    used 7315K, capacity 8583K, committed 8704K, reserved 1048576K
}
Event: 108.363 GC heap after
{Heap after GC invocations=121 (full 10):
 PSYoungGen      total 36352K, used 1479K [0x00000000eab00000, 0x00000000ed600000, 0x0000000100000000)
  eden space 34816K, 0% used [0x00000000eab00000,0x00000000eab00000,0x00000000ecd00000)
  from space 1536K, 96% used [0x00000000ed480000,0x00000000ed5f1cd8,0x00000000ed600000)
  to   space 2048K, 0% used [0x00000000ed200000,0x00000000ed200000,0x00000000ed400000)
 ParOldGen       total 313856K, used 262341K [0x00000000c0000000, 0x00000000d3280000, 0x00000000eab00000)
  object space 313856K, 83% used [0x00000000c0000000,0x00000000d0031420,0x00000000d3280000)
 Metaspace       used 74024K, capacity 77550K, committed 77824K, reserved 1118208K
  class space    used 7315K, capacity 8583K, committed 8704K, reserved 1048576K
}
Event: 118.621 GC heap before
{Heap before GC invocations=122 (full 10):
 PSYoungGen      total 36352K, used 36270K [0x00000000eab00000, 0x00000000ed600000, 0x0000000100000000)
  eden space 34816K, 99% used [0x00000000eab00000,0x00000000eccf9ba0,0x00000000ecd00000)
  from space 1536K, 96% used [0x00000000ed480000,0x00000000ed5f1cd8,0x00000000ed600000)
  to   space 2048K, 0% used [0x00000000ed200000,0x00000000ed200000,0x00000000ed400000)
 ParOldGen       total 313856K, used 262341K [0x00000000c0000000, 0x00000000d3280000, 0x00000000eab00000)
  object space 313856K, 83% used [0x00000000c0000000,0x00000000d0031420,0x00000000d3280000)
 Metaspace       used 74436K, capacity 77846K, committed 78080K, reserved 1118208K
  class space    used 7349K, capacity 8617K, committed 8704K, reserved 1048576K
}
Event: 118.630 GC heap after
{Heap after GC invocations=122 (full 10):
 PSYoungGen      total 36864K, used 1758K [0x00000000eab00000, 0x00000000ed500000, 0x0000000100000000)
  eden space 34816K, 0% used [0x00000000eab00000,0x00000000eab00000,0x00000000ecd00000)
  from space 2048K, 85% used [0x00000000ed200000,0x00000000ed3b7ac8,0x00000000ed400000)
  to   space 1024K, 0% used [0x00000000ed400000,0x00000000ed400000,0x00000000ed500000)
 ParOldGen       total 313856K, used 262349K [0x00000000c0000000, 0x00000000d3280000, 0x00000000eab00000)
  object space 313856K, 83% used [0x00000000c0000000,0x00000000d0033420,0x00000000d3280000)
 Metaspace       used 74436K, capacity 77846K, committed 78080K, reserved 1118208K
  class space    used 7349K, capacity 8617K, committed 8704K, reserved 1048576K
}
Event: 120.218 GC heap before
{Heap before GC invocations=123 (full 10):
 PSYoungGen      total 36864K, used 36574K [0x00000000eab00000, 0x00000000ed500000, 0x0000000100000000)
  eden space 34816K, 100% used [0x00000000eab00000,0x00000000ecd00000,0x00000000ecd00000)
  from space 2048K, 85% used [0x00000000ed200000,0x00000000ed3b7ac8,0x00000000ed400000)
  to   space 1024K, 0% used [0x00000000ed400000,0x00000000ed400000,0x00000000ed500000)
 ParOldGen       total 313856K, used 262349K [0x00000000c0000000, 0x00000000d3280000, 0x00000000eab00000)
  object space 313856K, 83% used [0x00000000c0000000,0x00000000d0033420,0x00000000d3280000)
 Metaspace       used 74852K, capacity 78407K, committed 78592K, reserved 1120256K
  class space    used 7384K, capacity 8654K, committed 8704K, reserved 1048576K
}
Event: 120.229 GC heap after
{Heap after GC invocations=123 (full 10):
 PSYoungGen      total 35840K, used 1013K [0x00000000eab00000, 0x00000000ed500000, 0x0000000100000000)
  eden space 34816K, 0% used [0x00000000eab00000,0x00000000eab00000,0x00000000ecd00000)
  from space 1024K, 98% used [0x00000000ed400000,0x00000000ed4fd670,0x00000000ed500000)
  to   space 2560K, 0% used [0x00000000ed000000,0x00000000ed000000,0x00000000ed280000)
 ParOldGen       total 313856K, used 263448K [0x00000000c0000000, 0x00000000d3280000, 0x00000000eab00000)
  object space 313856K, 83% used [0x00000000c0000000,0x00000000d01460f0,0x00000000d3280000)
 Metaspace       used 74852K, capacity 78407K, committed 78592K, reserved 1120256K
  class space    used 7384K, capacity 8654K, committed 8704K, reserved 1048576K
}
Event: 122.331 GC heap before
{Heap before GC invocations=124 (full 10):
 PSYoungGen      total 35840K, used 35829K [0x00000000eab00000, 0x00000000ed500000, 0x0000000100000000)
  eden space 34816K, 100% used [0x00000000eab00000,0x00000000ecd00000,0x00000000ecd00000)
  from space 1024K, 98% used [0x00000000ed400000,0x00000000ed4fd670,0x00000000ed500000)
  to   space 2560K, 0% used [0x00000000ed000000,0x00000000ed000000,0x00000000ed280000)
 ParOldGen       total 313856K, used 263448K [0x00000000c0000000, 0x00000000d3280000, 0x00000000eab00000)
  object space 313856K, 83% used [0x00000000c0000000,0x00000000d01460f0,0x00000000d3280000)
 Metaspace       used 76839K, capacity 80367K, committed 80640K, reserved 1120256K
  class space    used 7596K, capacity 8925K, committed 8960K, reserved 1048576K
}
Event: 122.369 GC heap after
{Heap after GC invocations=124 (full 10):
 PSYoungGen      total 37376K, used 2539K [0x00000000eab00000, 0x00000000ed900000, 0x0000000100000000)
  eden space 34816K, 0% used [0x00000000eab00000,0x00000000eab00000,0x00000000ecd00000)
  from space 2560K, 99% used [0x00000000ed000000,0x00000000ed27ace8,0x00000000ed280000)
  to   space 6144K, 0% used [0x00000000ed300000,0x00000000ed300000,0x00000000ed900000)
 ParOldGen       total 313856K, used 266177K [0x00000000c0000000, 0x00000000d3280000, 0x00000000eab00000)
  object space 313856K, 84% used [0x00000000c0000000,0x00000000d03f04a0,0x00000000d3280000)
 Metaspace       used 76839K, capacity 80367K, committed 80640K, reserved 1120256K
  class space    used 7596K, capacity 8925K, committed 8960K, reserved 1048576K
}
Event: 123.288 GC heap before
{Heap before GC invocations=125 (full 10):
 PSYoungGen      total 37376K, used 35487K [0x00000000eab00000, 0x00000000ed900000, 0x0000000100000000)
  eden space 34816K, 94% used [0x00000000eab00000,0x00000000ecb2d120,0x00000000ecd00000)
  from space 2560K, 99% used [0x00000000ed000000,0x00000000ed27ace8,0x00000000ed280000)
  to   space 6144K, 0% used [0x00000000ed300000,0x00000000ed300000,0x00000000ed900000)
 ParOldGen       total 313856K, used 266177K [0x00000000c0000000, 0x00000000d3280000, 0x00000000eab00000)
  object space 313856K, 84% used [0x00000000c0000000,0x00000000d03f04a0,0x00000000d3280000)
 Metaspace       used 77217K, capacity 80890K, committed 81152K, reserved 1122304K
  class space    used 7631K, capacity 8927K, committed 8960K, reserved 1048576K
}
Event: 123.310 GC heap after
{Heap after GC invocations=125 (full 10):
 PSYoungGen      total 39424K, used 4575K [0x00000000eab00000, 0x00000000ed780000, 0x0000000100000000)
  eden space 34816K, 0% used [0x00000000eab00000,0x00000000eab00000,0x00000000ecd00000)
  from space 4608K, 99% used [0x00000000ed300000,0x00000000ed777c98,0x00000000ed780000)
  to   space 5120K, 0% used [0x00000000ecd80000,0x00000000ecd80000,0x00000000ed280000)
 ParOldGen       total 313856K, used 266541K [0x00000000c0000000, 0x00000000d3280000, 0x00000000eab00000)
  object space 313856K, 84% used [0x00000000c0000000,0x00000000d044b7e8,0x00000000d3280000)
 Metaspace       used 77217K, capacity 80890K, committed 81152K, reserved 1122304K
  class space    used 7631K, capacity 8927K, committed 8960K, reserved 1048576K
}
Event: 123.449 GC heap before
{Heap before GC invocations=126 (full 10):
 PSYoungGen      total 39424K, used 37561K [0x00000000eab00000, 0x00000000ed780000, 0x0000000100000000)
  eden space 34816K, 94% used [0x00000000eab00000,0x00000000ecb369c8,0x00000000ecd00000)
  from space 4608K, 99% used [0x00000000ed300000,0x00000000ed777c98,0x00000000ed780000)
  to   space 5120K, 0% used [0x00000000ecd80000,0x00000000ecd80000,0x00000000ed280000)
 ParOldGen       total 313856K, used 266541K [0x00000000c0000000, 0x00000000d3280000, 0x00000000eab00000)
  object space 313856K, 84% used [0x00000000c0000000,0x00000000d044b7e8,0x00000000d3280000)
 Metaspace       used 77218K, capacity 80890K, committed 81152K, reserved 1122304K
  class space    used 7631K, capacity 8927K, committed 8960K, reserved 1048576K
}
Event: 123.468 GC heap after
{Heap after GC invocations=126 (full 10):
 PSYoungGen      total 40448K, used 4655K [0x00000000eab00000, 0x00000000ed900000, 0x0000000100000000)
  eden space 35328K, 0% used [0x00000000eab00000,0x00000000eab00000,0x00000000ecd80000)
  from space 5120K, 90% used [0x00000000ecd80000,0x00000000ed20bc88,0x00000000ed280000)
  to   space 5120K, 0% used [0x00000000ed400000,0x00000000ed400000,0x00000000ed900000)
 ParOldGen       total 313856K, used 266541K [0x00000000c0000000, 0x00000000d3280000, 0x00000000eab00000)
  object space 313856K, 84% used [0x00000000c0000000,0x00000000d044b7e8,0x00000000d3280000)
 Metaspace       used 77218K, capacity 80890K, committed 81152K, reserved 1122304K
  class space    used 7631K, capacity 8927K, committed 8960K, reserved 1048576K
}
Event: 123.917 GC heap before
{Heap before GC invocations=127 (full 10):
 PSYoungGen      total 40448K, used 39983K [0x00000000eab00000, 0x00000000ed900000, 0x0000000100000000)
  eden space 35328K, 100% used [0x00000000eab00000,0x00000000ecd80000,0x00000000ecd80000)
  from space 5120K, 90% used [0x00000000ecd80000,0x00000000ed20bc88,0x00000000ed280000)
  to   space 5120K, 0% used [0x00000000ed400000,0x00000000ed400000,0x00000000ed900000)
 ParOldGen       total 313856K, used 266541K [0x00000000c0000000, 0x00000000d3280000, 0x00000000eab00000)
  object space 313856K, 84% used [0x00000000c0000000,0x00000000d044b7e8,0x00000000d3280000)
 Metaspace       used 77370K, capacity 81018K, committed 81152K, reserved 1122304K
  class space    used 7631K, capacity 8927K, committed 8960K, reserved 1048576K
}
Event: 123.934 GC heap after
{Heap after GC invocations=127 (full 10):
 PSYoungGen      total 36864K, used 5110K [0x00000000eab00000, 0x00000000ee100000, 0x0000000100000000)
  eden space 31744K, 0% used [0x00000000eab00000,0x00000000eab00000,0x00000000eca00000)
  from space 5120K, 99% used [0x00000000ed400000,0x00000000ed8fda50,0x00000000ed900000)
  to   space 10240K, 0% used [0x00000000eca00000,0x00000000eca00000,0x00000000ed400000)
 ParOldGen       total 313856K, used 270469K [0x00000000c0000000, 0x00000000d3280000, 0x00000000eab00000)
  object space 313856K, 86% used [0x00000000c0000000,0x00000000d08215a0,0x00000000d3280000)
 Metaspace       used 77370K, capacity 81018K, committed 81152K, reserved 1122304K
  class space    used 7631K, capacity 8927K, committed 8960K, reserved 1048576K
}
Event: 127.699 GC heap before
{Heap before GC invocations=128 (full 10):
 PSYoungGen      total 36864K, used 36854K [0x00000000eab00000, 0x00000000ee100000, 0x0000000100000000)
  eden space 31744K, 99% used [0x00000000eab00000,0x00000000ec9ffff8,0x00000000eca00000)
  from space 5120K, 99% used [0x00000000ed400000,0x00000000ed8fda50,0x00000000ed900000)
  to   space 10240K, 0% used [0x00000000eca00000,0x00000000eca00000,0x00000000ed400000)
 ParOldGen       total 313856K, used 270469K [0x00000000c0000000, 0x00000000d3280000, 0x00000000eab00000)
  object space 313856K, 86% used [0x00000000c0000000,0x00000000d08215a0,0x00000000d3280000)
 Metaspace       used 77376K, capacity 81018K, committed 81152K, reserved 1122304K
  class space    used 7631K, capacity 8927K, committed 8960K, reserved 1048576K
}
Event: 127.720 GC heap after
{Heap after GC invocations=128 (full 10):
 PSYoungGen      total 40448K, used 8462K [0x00000000eab00000, 0x00000000edb00000, 0x0000000100000000)
  eden space 31744K, 0% used [0x00000000eab00000,0x00000000eab00000,0x00000000eca00000)
  from space 8704K, 97% used [0x00000000eca00000,0x00000000ed243808,0x00000000ed280000)
  to   space 8704K, 0% used [0x00000000ed280000,0x00000000ed280000,0x00000000edb00000)
 ParOldGen       total 313856K, used 270493K [0x00000000c0000000, 0x00000000d3280000, 0x00000000eab00000)
  object space 313856K, 86% used [0x00000000c0000000,0x00000000d08275a0,0x00000000d3280000)
 Metaspace       used 77376K, capacity 81018K, committed 81152K, reserved 1122304K
  class space    used 7631K, capacity 8927K, committed 8960K, reserved 1048576K
}
Event: 189.101 GC heap before
{Heap before GC invocations=129 (full 10):
 PSYoungGen      total 40448K, used 40206K [0x00000000eab00000, 0x00000000edb00000, 0x0000000100000000)
  eden space 31744K, 100% used [0x00000000eab00000,0x00000000eca00000,0x00000000eca00000)
  from space 8704K, 97% used [0x00000000eca00000,0x00000000ed243808,0x00000000ed280000)
  to   space 8704K, 0% used [0x00000000ed280000,0x00000000ed280000,0x00000000edb00000)
 ParOldGen       total 313856K, used 270493K [0x00000000c0000000, 0x00000000d3280000, 0x00000000eab00000)
  object space 313856K, 86% used [0x00000000c0000000,0x00000000d08275a0,0x00000000d3280000)
 Metaspace       used 77741K, capacity 81322K, committed 81408K, reserved 1122304K
  class space    used 7648K, capacity 8940K, committed 8960K, reserved 1048576K
}
Event: 189.137 GC heap after
{Heap after GC invocations=129 (full 10):
 PSYoungGen      total 35840K, used 3983K [0x00000000eab00000, 0x00000000ed680000, 0x0000000100000000)
  eden space 31744K, 0% used [0x00000000eab00000,0x00000000eab00000,0x00000000eca00000)
  from space 4096K, 97% used [0x00000000ed280000,0x00000000ed663c88,0x00000000ed680000)
  to   space 6144K, 0% used [0x00000000eca80000,0x00000000eca80000,0x00000000ed080000)
 ParOldGen       total 313856K, used 270493K [0x00000000c0000000, 0x00000000d3280000, 0x00000000eab00000)
  object space 313856K, 86% used [0x00000000c0000000,0x00000000d08275a0,0x00000000d3280000)
 Metaspace       used 77741K, capacity 81322K, committed 81408K, reserved 1122304K
  class space    used 7648K, capacity 8940K, committed 8960K, reserved 1048576K
}

